Using pre-set license

 COMMAND LINE ARGUMENTS:
/Applications/Unity/Hub/Editor/2020.3.12f1/Unity.app/Contents/MacOS/Unity
-adb2
-batchMode
-noUpm
-name
AssetImportWorker0
-projectPath
/Users/nico/Documents/Unity/Roll a ball
-logFile
Logs/AssetImportWorker0.log
-srvPort
49524
Successfully changed project path to: /Users/nico/Documents/Unity/Roll a ball
/Users/nico/Documents/Unity/Roll a ball
Using Asset Import Pipeline V2.
Refreshing native plugins compatible for Editor in 58.23 ms, found 2 plugins.
Preloading 0 native plugins for Editor in 0.00 ms.
Initialize engine version: 2020.3.12f1 (b3b2c6512326)
[Subsystems] Discovering subsystems at path /Applications/Unity/Hub/Editor/2020.3.12f1/Unity.app/Contents/Resources/UnitySubsystems
[Subsystems] Discovering subsystems at path /Users/nico/Documents/Unity/Roll a ball/Assets
GfxDevice: creating device client; threaded=0
2021-08-29 00:32:43.213 Unity[1423:31605] iMac preferred device: AMD Radeon Pro 560 (high power)
2021-08-29 00:32:43.213 Unity[1423:31605] Metal devices available: 1
2021-08-29 00:32:43.213 Unity[1423:31605] 0: AMD Radeon Pro 560 (high power)
2021-08-29 00:32:43.214 Unity[1423:31605] Using device AMD Radeon Pro 560 (high power)
Initializing Metal device caps: AMD Radeon Pro 560
Initialize mono
Mono path[0] = '/Applications/Unity/Hub/Editor/2020.3.12f1/Unity.app/Contents/Managed'
Mono path[1] = '/Applications/Unity/Hub/Editor/2020.3.12f1/Unity.app/Contents/MonoBleedingEdge/lib/mono/unityjit'
Mono config path = '/Applications/Unity/Hub/Editor/2020.3.12f1/Unity.app/Contents/MonoBleedingEdge/etc'
Using monoOptions --debugger-agent=transport=dt_socket,embedding=1,server=y,suspend=n,address=127.0.0.1:56423
Begin MonoManager ReloadAssembly
Registering precompiled unity dll's ...
Register platform support module: /Applications/Unity/Hub/Editor/2020.3.12f1/PlaybackEngines/WebGLSupport/UnityEditor.WebGL.Extensions.dll
Register platform support module: /Applications/Unity/Hub/Editor/2020.3.12f1/Unity.app/Contents/PlaybackEngines/MacStandaloneSupport/UnityEditor.OSXStandalone.Extensions.dll
Registered in 0.000774 seconds.
Native extension for OSXStandalone target not found
Native extension for WebGL target not found
Refreshing native plugins compatible for Editor in 58.05 ms, found 2 plugins.
Preloading 0 native plugins for Editor in 0.00 ms.
Mono: successfully reloaded assembly
- Completed reload, in  2.570 seconds
Platform modules already initialized, skipping
Registering precompiled user dll's ...
Registered in 0.002076 seconds.
Begin MonoManager ReloadAssembly
Native extension for OSXStandalone target not found
Native extension for WebGL target not found
Refreshing native plugins compatible for Editor in 54.60 ms, found 2 plugins.
Preloading 0 native plugins for Editor in 0.00 ms.
Mono: successfully reloaded assembly
- Completed reload, in  1.646 seconds
Platform modules already initialized, skipping
========================================================================
Worker process is ready to serve import requests
Shader 'Universal Render Pipeline/Particles/Lit': fallback shader 'Universal Render Pipeline/Particles/SimpleLit' not found
Shader 'Universal Render Pipeline/Particles/Lit': fallback shader 'Universal Render Pipeline/Particles/SimpleLit' not found
Launching external process: /Applications/Unity/Hub/Editor/2020.3.12f1/Unity.app/Contents/Tools/UnityShaderCompiler
Launched and connected shader compiler UnityShaderCompiler after 0.01 seconds
Refreshing native plugins compatible for Editor in 0.53 ms, found 2 plugins.
Preloading 0 native plugins for Editor in 0.00 ms.
Unloading 3230 Unused Serialized files (Serialized files now loaded: 0)
System memory in use before: 233.4 MB.
System memory in use after: 231.1 MB.

Unloading 57 unused Assets to reduce memory usage. Loaded Objects now: 3644.
Total: 5.247134 ms (FindLiveObjects: 0.352379 ms CreateObjectMapping: 0.297198 ms MarkObjects: 3.361914 ms  DeleteObjects: 1.234787 ms)

AssetImportParameters requested are different than current active one (requested -> active):
  custom:video-decoder-ogg-theora: a1e56fd34408186e4bbccfd4996cb3dc -> 
  custom:container-muxer-webm: aa71ff27fc2769a1b78a27578f13a17b -> 
  custom:container-demuxer-webm: 4f35f7cbe854078d1ac9338744f61a02 -> 
  custom:container-demuxer-ogg: 62fdf1f143b41e24485cea50d1cbac27 -> 
  custom:video-encoder-webm-vp8: eb34c28f22e8b96e1ab97ce403110664 -> 
  custom:framework-osx-AVFoundation: b23960f63f64bdc6ff669e2cdcee2391 -> 
  custom:video-decoder-webm-vp8: 9c59270c3fd7afecdb556c50c9e8de78 -> 
  custom:audio-decoder-ogg-vorbis: bf7c407c2cedff20999df2af8eb42d56 -> 
  custom:audio-encoder-webm-vorbis: bf7c407c2cedff20999df2af8eb42d56 -> 
========================================================================
Received Import Request.
  path: Assets/Scripts/collectableRotate.cs
  artifactKey: Guid(8d9d0a107028b4c8589ca81f755e8e54) Importer(815301076,1909f56bfc062723c751e8b465ee728b)
Start importing Assets/Scripts/collectableRotate.cs using Guid(8d9d0a107028b4c8589ca81f755e8e54) Importer(815301076,1909f56bfc062723c751e8b465ee728b)  -> (artifact id: '3282e32a7e9cb00f355d94afc413f667') in 1.870084 seconds 
  Import took 1.904443 seconds .

========================================================================
Received Prepare
Registering precompiled user dll's ...
Registered in 0.030060 seconds.
Begin MonoManager ReloadAssembly
Native extension for OSXStandalone target not found
Native extension for WebGL target not found
Refreshing native plugins compatible for Editor in 0.53 ms, found 2 plugins.
Preloading 0 native plugins for Editor in 0.00 ms.
Mono: successfully reloaded assembly
- Completed reload, in  1.552 seconds
Platform modules already initialized, skipping
Shader 'Universal Render Pipeline/Particles/Lit': fallback shader 'Universal Render Pipeline/Particles/SimpleLit' not found
Shader 'Universal Render Pipeline/Particles/Lit': fallback shader 'Universal Render Pipeline/Particles/SimpleLit' not found
Refreshing native plugins compatible for Editor in 0.51 ms, found 2 plugins.
Preloading 0 native plugins for Editor in 0.00 ms.
Unloading 3150 Unused Serialized files (Serialized files now loaded: 0)
System memory in use before: 234.0 MB.
System memory in use after: 231.8 MB.

Unloading 47 unused Assets to reduce memory usage. Loaded Objects now: 3647.
Total: 3.502009 ms (FindLiveObjects: 0.293971 ms CreateObjectMapping: 0.138225 ms MarkObjects: 1.919701 ms  DeleteObjects: 1.149264 ms)

AssetImportParameters requested are different than current active one (requested -> active):
  custom:video-decoder-ogg-theora: a1e56fd34408186e4bbccfd4996cb3dc -> 
  custom:container-muxer-webm: aa71ff27fc2769a1b78a27578f13a17b -> 
  custom:container-demuxer-webm: 4f35f7cbe854078d1ac9338744f61a02 -> 
  custom:container-demuxer-ogg: 62fdf1f143b41e24485cea50d1cbac27 -> 
  custom:video-encoder-webm-vp8: eb34c28f22e8b96e1ab97ce403110664 -> 
  custom:framework-osx-AVFoundation: b23960f63f64bdc6ff669e2cdcee2391 -> 
  custom:video-decoder-webm-vp8: 9c59270c3fd7afecdb556c50c9e8de78 -> 
  custom:audio-decoder-ogg-vorbis: bf7c407c2cedff20999df2af8eb42d56 -> 
  custom:audio-encoder-webm-vorbis: bf7c407c2cedff20999df2af8eb42d56 -> 
========================================================================
Received Prepare
Registering precompiled user dll's ...
Registered in 0.062837 seconds.
Begin MonoManager ReloadAssembly
Native extension for OSXStandalone target not found
Native extension for WebGL target not found
Refreshing native plugins compatible for Editor in 0.79 ms, found 2 plugins.
Preloading 0 native plugins for Editor in 0.00 ms.
Mono: successfully reloaded assembly
- Completed reload, in  1.447 seconds
Platform modules already initialized, skipping
Shader 'Universal Render Pipeline/Particles/Lit': fallback shader 'Universal Render Pipeline/Particles/SimpleLit' not found
Shader 'Universal Render Pipeline/Particles/Lit': fallback shader 'Universal Render Pipeline/Particles/SimpleLit' not found
Refreshing native plugins compatible for Editor in 0.54 ms, found 2 plugins.
Preloading 0 native plugins for Editor in 0.00 ms.
Unloading 3150 Unused Serialized files (Serialized files now loaded: 0)
System memory in use before: 234.3 MB.
System memory in use after: 232.1 MB.

Unloading 47 unused Assets to reduce memory usage. Loaded Objects now: 3650.
Total: 4.643549 ms (FindLiveObjects: 0.658664 ms CreateObjectMapping: 0.214128 ms MarkObjects: 2.525088 ms  DeleteObjects: 1.244694 ms)

AssetImportParameters requested are different than current active one (requested -> active):
  custom:video-decoder-ogg-theora: a1e56fd34408186e4bbccfd4996cb3dc -> 
  custom:container-muxer-webm: aa71ff27fc2769a1b78a27578f13a17b -> 
  custom:container-demuxer-webm: 4f35f7cbe854078d1ac9338744f61a02 -> 
  custom:container-demuxer-ogg: 62fdf1f143b41e24485cea50d1cbac27 -> 
  custom:video-encoder-webm-vp8: eb34c28f22e8b96e1ab97ce403110664 -> 
  custom:framework-osx-AVFoundation: b23960f63f64bdc6ff669e2cdcee2391 -> 
  custom:video-decoder-webm-vp8: 9c59270c3fd7afecdb556c50c9e8de78 -> 
  custom:audio-decoder-ogg-vorbis: bf7c407c2cedff20999df2af8eb42d56 -> 
  custom:audio-encoder-webm-vorbis: bf7c407c2cedff20999df2af8eb42d56 -> 
========================================================================
Received Import Request.
  Time since last request: 435.499810 seconds.
  path: Assets/Models/pyramid.obj
  artifactKey: Guid(33986cce668fa44e6838f07c3901f3fa) Importer(815301076,1909f56bfc062723c751e8b465ee728b)
Start importing Assets/Models/pyramid.obj using Guid(33986cce668fa44e6838f07c3901f3fa) Importer(815301076,1909f56bfc062723c751e8b465ee728b)  -> (artifact id: '6c195ef5e89df2fa546f619ca7dfe02e') in 1.126119 seconds 
  Import took 1.131878 seconds .

========================================================================
Received Import Request.
  Time since last request: 0.000209 seconds.
  path: Assets/Models/untitled.obj
  artifactKey: Guid(bc121a39fa962489c8e8f743de909c3a) Importer(815301076,1909f56bfc062723c751e8b465ee728b)
Start importing Assets/Models/untitled.obj using Guid(bc121a39fa962489c8e8f743de909c3a) Importer(815301076,1909f56bfc062723c751e8b465ee728b)  -> (artifact id: 'a564ed028a40188f80fbf58fb3ffb804') in 0.030509 seconds 
  Import took 0.036374 seconds .

========================================================================
Received Import Request.
  Time since last request: 0.000334 seconds.
  path: Assets/Models/slope.obj
  artifactKey: Guid(782ab53d23db44650a982394f304a442) Importer(815301076,1909f56bfc062723c751e8b465ee728b)
Start importing Assets/Models/slope.obj using Guid(782ab53d23db44650a982394f304a442) Importer(815301076,1909f56bfc062723c751e8b465ee728b)  -> (artifact id: 'ae932f02357e43937e6e7538b7f81def') in 0.030122 seconds 
  Import took 0.037294 seconds .

========================================================================
Received Prepare
Registering precompiled user dll's ...
Registered in 0.003540 seconds.
Begin MonoManager ReloadAssembly
Native extension for OSXStandalone target not found
Native extension for WebGL target not found
Refreshing native plugins compatible for Editor in 0.51 ms, found 2 plugins.
Preloading 0 native plugins for Editor in 0.00 ms.
Mono: successfully reloaded assembly
- Completed reload, in  1.355 seconds
Platform modules already initialized, skipping
Shader 'Universal Render Pipeline/Particles/Lit': fallback shader 'Universal Render Pipeline/Particles/SimpleLit' not found
Shader 'Universal Render Pipeline/Particles/Lit': fallback shader 'Universal Render Pipeline/Particles/SimpleLit' not found
Refreshing native plugins compatible for Editor in 0.65 ms, found 2 plugins.
Preloading 0 native plugins for Editor in 0.00 ms.
Unloading 3150 Unused Serialized files (Serialized files now loaded: 0)
System memory in use before: 245.7 MB.
System memory in use after: 243.5 MB.

Unloading 47 unused Assets to reduce memory usage. Loaded Objects now: 3734.
Total: 3.644239 ms (FindLiveObjects: 0.307241 ms CreateObjectMapping: 0.157554 ms MarkObjects: 1.984230 ms  DeleteObjects: 1.194538 ms)

AssetImportParameters requested are different than current active one (requested -> active):
  custom:video-decoder-ogg-theora: a1e56fd34408186e4bbccfd4996cb3dc -> 
  custom:container-muxer-webm: aa71ff27fc2769a1b78a27578f13a17b -> 
  custom:container-demuxer-webm: 4f35f7cbe854078d1ac9338744f61a02 -> 
  custom:container-demuxer-ogg: 62fdf1f143b41e24485cea50d1cbac27 -> 
  custom:video-encoder-webm-vp8: eb34c28f22e8b96e1ab97ce403110664 -> 
  custom:framework-osx-AVFoundation: b23960f63f64bdc6ff669e2cdcee2391 -> 
  custom:video-decoder-webm-vp8: 9c59270c3fd7afecdb556c50c9e8de78 -> 
  custom:audio-decoder-ogg-vorbis: bf7c407c2cedff20999df2af8eb42d56 -> 
  custom:audio-encoder-webm-vorbis: bf7c407c2cedff20999df2af8eb42d56 -> 
========================================================================
Received Prepare
Registering precompiled user dll's ...
Registered in 0.002332 seconds.
Begin MonoManager ReloadAssembly
Native extension for OSXStandalone target not found
Native extension for WebGL target not found
Refreshing native plugins compatible for Editor in 0.55 ms, found 2 plugins.
Preloading 0 native plugins for Editor in 0.00 ms.
Mono: successfully reloaded assembly
- Completed reload, in  1.559 seconds
Platform modules already initialized, skipping
Shader 'Universal Render Pipeline/Particles/Lit': fallback shader 'Universal Render Pipeline/Particles/SimpleLit' not found
Shader 'Universal Render Pipeline/Particles/Lit': fallback shader 'Universal Render Pipeline/Particles/SimpleLit' not found
Refreshing native plugins compatible for Editor in 0.77 ms, found 2 plugins.
Preloading 0 native plugins for Editor in 0.00 ms.
Unloading 3150 Unused Serialized files (Serialized files now loaded: 0)
System memory in use before: 246.0 MB.
System memory in use after: 243.7 MB.

Unloading 47 unused Assets to reduce memory usage. Loaded Objects now: 3737.
Total: 6.943700 ms (FindLiveObjects: 0.690954 ms CreateObjectMapping: 0.350110 ms MarkObjects: 3.815620 ms  DeleteObjects: 2.085749 ms)

AssetImportParameters requested are different than current active one (requested -> active):
  custom:video-decoder-ogg-theora: a1e56fd34408186e4bbccfd4996cb3dc -> 
  custom:container-muxer-webm: aa71ff27fc2769a1b78a27578f13a17b -> 
  custom:container-demuxer-webm: 4f35f7cbe854078d1ac9338744f61a02 -> 
  custom:container-demuxer-ogg: 62fdf1f143b41e24485cea50d1cbac27 -> 
  custom:video-encoder-webm-vp8: eb34c28f22e8b96e1ab97ce403110664 -> 
  custom:framework-osx-AVFoundation: b23960f63f64bdc6ff669e2cdcee2391 -> 
  custom:video-decoder-webm-vp8: 9c59270c3fd7afecdb556c50c9e8de78 -> 
  custom:audio-decoder-ogg-vorbis: bf7c407c2cedff20999df2af8eb42d56 -> 
  custom:audio-encoder-webm-vorbis: bf7c407c2cedff20999df2af8eb42d56 -> 
========================================================================
Received Prepare
Registering precompiled user dll's ...
Registered in 0.003481 seconds.
Begin MonoManager ReloadAssembly
Native extension for OSXStandalone target not found
Native extension for WebGL target not found
Refreshing native plugins compatible for Editor in 0.50 ms, found 2 plugins.
Preloading 0 native plugins for Editor in 0.00 ms.
Mono: successfully reloaded assembly
- Completed reload, in  1.554 seconds
Platform modules already initialized, skipping
Shader 'Universal Render Pipeline/Particles/Lit': fallback shader 'Universal Render Pipeline/Particles/SimpleLit' not found
Shader 'Universal Render Pipeline/Particles/Lit': fallback shader 'Universal Render Pipeline/Particles/SimpleLit' not found
Refreshing native plugins compatible for Editor in 0.56 ms, found 2 plugins.
Preloading 0 native plugins for Editor in 0.00 ms.
Unloading 3150 Unused Serialized files (Serialized files now loaded: 0)
System memory in use before: 246.2 MB.
System memory in use after: 244.0 MB.

Unloading 47 unused Assets to reduce memory usage. Loaded Objects now: 3740.
Total: 3.960134 ms (FindLiveObjects: 0.314902 ms CreateObjectMapping: 0.150445 ms MarkObjects: 2.139487 ms  DeleteObjects: 1.354190 ms)

AssetImportParameters requested are different than current active one (requested -> active):
  custom:video-decoder-ogg-theora: a1e56fd34408186e4bbccfd4996cb3dc -> 
  custom:container-muxer-webm: aa71ff27fc2769a1b78a27578f13a17b -> 
  custom:container-demuxer-webm: 4f35f7cbe854078d1ac9338744f61a02 -> 
  custom:container-demuxer-ogg: 62fdf1f143b41e24485cea50d1cbac27 -> 
  custom:video-encoder-webm-vp8: eb34c28f22e8b96e1ab97ce403110664 -> 
  custom:framework-osx-AVFoundation: b23960f63f64bdc6ff669e2cdcee2391 -> 
  custom:video-decoder-webm-vp8: 9c59270c3fd7afecdb556c50c9e8de78 -> 
  custom:audio-decoder-ogg-vorbis: bf7c407c2cedff20999df2af8eb42d56 -> 
  custom:audio-encoder-webm-vorbis: bf7c407c2cedff20999df2af8eb42d56 -> 
========================================================================
Received Import Request.
  Time since last request: 189.023398 seconds.
  path: Assets/Prefabs/Collectable.prefab
  artifactKey: Guid(7b0ff6dccae9d4c309a327ca4b64e940) Importer(815301076,1909f56bfc062723c751e8b465ee728b)
Start importing Assets/Prefabs/Collectable.prefab using Guid(7b0ff6dccae9d4c309a327ca4b64e940) Importer(815301076,1909f56bfc062723c751e8b465ee728b)  -> (artifact id: '98822b7468a5f68e11e60c6afcab1518') in 0.829244 seconds 
  Import took 0.834503 seconds .

========================================================================
Received Import Request.
  Time since last request: 48.575653 seconds.
  path: Assets/Prefabs/Collectable.prefab
  artifactKey: Guid(7b0ff6dccae9d4c309a327ca4b64e940) Importer(815301076,1909f56bfc062723c751e8b465ee728b)
Start importing Assets/Prefabs/Collectable.prefab using Guid(7b0ff6dccae9d4c309a327ca4b64e940) Importer(815301076,1909f56bfc062723c751e8b465ee728b)  -> (artifact id: '169e2c5cc94f9be366b20a5eb0bfabc8') in 0.012103 seconds 
  Import took 0.017096 seconds .

========================================================================
Received Import Request.
  Time since last request: 5.289708 seconds.
  path: Assets/Prefabs/Collectable.prefab
  artifactKey: Guid(7b0ff6dccae9d4c309a327ca4b64e940) Importer(815301076,1909f56bfc062723c751e8b465ee728b)
Start importing Assets/Prefabs/Collectable.prefab using Guid(7b0ff6dccae9d4c309a327ca4b64e940) Importer(815301076,1909f56bfc062723c751e8b465ee728b)  -> (artifact id: 'ba0a725bc00d265431228456ed075240') in 0.014640 seconds 
  Import took 0.022271 seconds .

========================================================================
Received Import Request.
  Time since last request: 5.667450 seconds.
  path: Assets/Prefabs/Collectable.prefab
  artifactKey: Guid(7b0ff6dccae9d4c309a327ca4b64e940) Importer(815301076,1909f56bfc062723c751e8b465ee728b)
Start importing Assets/Prefabs/Collectable.prefab using Guid(7b0ff6dccae9d4c309a327ca4b64e940) Importer(815301076,1909f56bfc062723c751e8b465ee728b)  -> (artifact id: '3fcf33873ca9a72abd6fa2e6ca148ed9') in 0.015738 seconds 
  Import took 0.023607 seconds .

========================================================================
Received Prepare
Registering precompiled user dll's ...
Registered in 0.002519 seconds.
Begin MonoManager ReloadAssembly
Native extension for OSXStandalone target not found
Native extension for WebGL target not found
Refreshing native plugins compatible for Editor in 0.89 ms, found 2 plugins.
Preloading 0 native plugins for Editor in 0.00 ms.
Mono: successfully reloaded assembly
- Completed reload, in  1.743 seconds
Platform modules already initialized, skipping
Shader 'Universal Render Pipeline/Particles/Lit': fallback shader 'Universal Render Pipeline/Particles/SimpleLit' not found
Shader 'Universal Render Pipeline/Particles/Lit': fallback shader 'Universal Render Pipeline/Particles/SimpleLit' not found
Refreshing native plugins compatible for Editor in 0.51 ms, found 2 plugins.
Preloading 0 native plugins for Editor in 0.00 ms.
Unloading 3150 Unused Serialized files (Serialized files now loaded: 0)
System memory in use before: 250.9 MB.
System memory in use after: 248.7 MB.

Unloading 47 unused Assets to reduce memory usage. Loaded Objects now: 3780.
Total: 3.994778 ms (FindLiveObjects: 0.303676 ms CreateObjectMapping: 0.145678 ms MarkObjects: 2.183092 ms  DeleteObjects: 1.361673 ms)

AssetImportParameters requested are different than current active one (requested -> active):
  custom:video-decoder-ogg-theora: a1e56fd34408186e4bbccfd4996cb3dc -> 
  custom:container-muxer-webm: aa71ff27fc2769a1b78a27578f13a17b -> 
  custom:container-demuxer-webm: 4f35f7cbe854078d1ac9338744f61a02 -> 
  custom:container-demuxer-ogg: 62fdf1f143b41e24485cea50d1cbac27 -> 
  custom:video-encoder-webm-vp8: eb34c28f22e8b96e1ab97ce403110664 -> 
  custom:framework-osx-AVFoundation: b23960f63f64bdc6ff669e2cdcee2391 -> 
  custom:video-decoder-webm-vp8: 9c59270c3fd7afecdb556c50c9e8de78 -> 
  custom:audio-decoder-ogg-vorbis: bf7c407c2cedff20999df2af8eb42d56 -> 
  custom:audio-encoder-webm-vorbis: bf7c407c2cedff20999df2af8eb42d56 -> 
========================================================================
Received Prepare
Registering precompiled user dll's ...
Registered in 0.001977 seconds.
Begin MonoManager ReloadAssembly
Native extension for OSXStandalone target not found
Native extension for WebGL target not found
Refreshing native plugins compatible for Editor in 0.60 ms, found 2 plugins.
Preloading 0 native plugins for Editor in 0.00 ms.
Mono: successfully reloaded assembly
- Completed reload, in  1.581 seconds
Platform modules already initialized, skipping
Shader 'Universal Render Pipeline/Particles/Lit': fallback shader 'Universal Render Pipeline/Particles/SimpleLit' not found
Shader 'Universal Render Pipeline/Particles/Lit': fallback shader 'Universal Render Pipeline/Particles/SimpleLit' not found
Refreshing native plugins compatible for Editor in 0.51 ms, found 2 plugins.
Preloading 0 native plugins for Editor in 0.00 ms.
Unloading 3150 Unused Serialized files (Serialized files now loaded: 0)
System memory in use before: 251.2 MB.
System memory in use after: 249.0 MB.

Unloading 47 unused Assets to reduce memory usage. Loaded Objects now: 3783.
Total: 3.823978 ms (FindLiveObjects: 0.306981 ms CreateObjectMapping: 0.151829 ms MarkObjects: 1.963317 ms  DeleteObjects: 1.401230 ms)

AssetImportParameters requested are different than current active one (requested -> active):
  custom:video-decoder-ogg-theora: a1e56fd34408186e4bbccfd4996cb3dc -> 
  custom:container-muxer-webm: aa71ff27fc2769a1b78a27578f13a17b -> 
  custom:container-demuxer-webm: 4f35f7cbe854078d1ac9338744f61a02 -> 
  custom:container-demuxer-ogg: 62fdf1f143b41e24485cea50d1cbac27 -> 
  custom:video-encoder-webm-vp8: eb34c28f22e8b96e1ab97ce403110664 -> 
  custom:framework-osx-AVFoundation: b23960f63f64bdc6ff669e2cdcee2391 -> 
  custom:video-decoder-webm-vp8: 9c59270c3fd7afecdb556c50c9e8de78 -> 
  custom:audio-decoder-ogg-vorbis: bf7c407c2cedff20999df2af8eb42d56 -> 
  custom:audio-encoder-webm-vorbis: bf7c407c2cedff20999df2af8eb42d56 -> 
========================================================================
Received Prepare
Registering precompiled user dll's ...
Registered in 0.001773 seconds.
Begin MonoManager ReloadAssembly
Native extension for OSXStandalone target not found
Native extension for WebGL target not found
Refreshing native plugins compatible for Editor in 0.53 ms, found 2 plugins.
Preloading 0 native plugins for Editor in 0.00 ms.
Mono: successfully reloaded assembly
- Completed reload, in  1.540 seconds
Platform modules already initialized, skipping
Shader 'Universal Render Pipeline/Particles/Lit': fallback shader 'Universal Render Pipeline/Particles/SimpleLit' not found
Shader 'Universal Render Pipeline/Particles/Lit': fallback shader 'Universal Render Pipeline/Particles/SimpleLit' not found
Refreshing native plugins compatible for Editor in 0.50 ms, found 2 plugins.
Preloading 0 native plugins for Editor in 0.00 ms.
Unloading 3150 Unused Serialized files (Serialized files now loaded: 0)
System memory in use before: 251.4 MB.
System memory in use after: 249.2 MB.

Unloading 47 unused Assets to reduce memory usage. Loaded Objects now: 3786.
Total: 3.891172 ms (FindLiveObjects: 0.325498 ms CreateObjectMapping: 0.129545 ms MarkObjects: 2.092284 ms  DeleteObjects: 1.343127 ms)

AssetImportParameters requested are different than current active one (requested -> active):
  custom:video-decoder-ogg-theora: a1e56fd34408186e4bbccfd4996cb3dc -> 
  custom:container-muxer-webm: aa71ff27fc2769a1b78a27578f13a17b -> 
  custom:container-demuxer-webm: 4f35f7cbe854078d1ac9338744f61a02 -> 
  custom:container-demuxer-ogg: 62fdf1f143b41e24485cea50d1cbac27 -> 
  custom:video-encoder-webm-vp8: eb34c28f22e8b96e1ab97ce403110664 -> 
  custom:framework-osx-AVFoundation: b23960f63f64bdc6ff669e2cdcee2391 -> 
  custom:video-decoder-webm-vp8: 9c59270c3fd7afecdb556c50c9e8de78 -> 
  custom:audio-decoder-ogg-vorbis: bf7c407c2cedff20999df2af8eb42d56 -> 
  custom:audio-encoder-webm-vorbis: bf7c407c2cedff20999df2af8eb42d56 -> 
========================================================================
Received Import Request.
  Time since last request: 123.528754 seconds.
  path: Assets/Prefabs/Collectable.prefab
  artifactKey: Guid(7b0ff6dccae9d4c309a327ca4b64e940) Importer(815301076,1909f56bfc062723c751e8b465ee728b)
Start importing Assets/Prefabs/Collectable.prefab using Guid(7b0ff6dccae9d4c309a327ca4b64e940) Importer(815301076,1909f56bfc062723c751e8b465ee728b)  -> (artifact id: 'e4e1b4eeb560a965b7adf35bf8ffeec4') in 0.158523 seconds 
  Import took 0.162911 seconds .

========================================================================
Received Prepare
Registering precompiled user dll's ...
Registered in 0.001741 seconds.
Begin MonoManager ReloadAssembly
Native extension for OSXStandalone target not found
Native extension for WebGL target not found
Refreshing native plugins compatible for Editor in 1.33 ms, found 2 plugins.
Preloading 0 native plugins for Editor in 0.00 ms.
Mono: successfully reloaded assembly
- Completed reload, in  1.772 seconds
Platform modules already initialized, skipping
Shader 'Universal Render Pipeline/Particles/Lit': fallback shader 'Universal Render Pipeline/Particles/SimpleLit' not found
Shader 'Universal Render Pipeline/Particles/Lit': fallback shader 'Universal Render Pipeline/Particles/SimpleLit' not found
Refreshing native plugins compatible for Editor in 0.53 ms, found 2 plugins.
Preloading 0 native plugins for Editor in 0.00 ms.
Unloading 3150 Unused Serialized files (Serialized files now loaded: 0)
System memory in use before: 251.8 MB.
System memory in use after: 249.6 MB.

Unloading 47 unused Assets to reduce memory usage. Loaded Objects now: 3825.
Total: 4.350679 ms (FindLiveObjects: 0.313962 ms CreateObjectMapping: 0.151457 ms MarkObjects: 2.269933 ms  DeleteObjects: 1.614473 ms)

AssetImportParameters requested are different than current active one (requested -> active):
  custom:video-decoder-ogg-theora: a1e56fd34408186e4bbccfd4996cb3dc -> 
  custom:container-muxer-webm: aa71ff27fc2769a1b78a27578f13a17b -> 
  custom:container-demuxer-webm: 4f35f7cbe854078d1ac9338744f61a02 -> 
  custom:container-demuxer-ogg: 62fdf1f143b41e24485cea50d1cbac27 -> 
  custom:video-encoder-webm-vp8: eb34c28f22e8b96e1ab97ce403110664 -> 
  custom:framework-osx-AVFoundation: b23960f63f64bdc6ff669e2cdcee2391 -> 
  custom:video-decoder-webm-vp8: 9c59270c3fd7afecdb556c50c9e8de78 -> 
  custom:audio-decoder-ogg-vorbis: bf7c407c2cedff20999df2af8eb42d56 -> 
  custom:audio-encoder-webm-vorbis: bf7c407c2cedff20999df2af8eb42d56 -> 
========================================================================
Received Import Request.
  Time since last request: 93.730272 seconds.
  path: Assets/Prefabs/Collectable.prefab
  artifactKey: Guid(7b0ff6dccae9d4c309a327ca4b64e940) Importer(815301076,1909f56bfc062723c751e8b465ee728b)
Start importing Assets/Prefabs/Collectable.prefab using Guid(7b0ff6dccae9d4c309a327ca4b64e940) Importer(815301076,1909f56bfc062723c751e8b465ee728b)  -> (artifact id: 'd31b5f29f82ad8c2e7fabae437646f94') in 0.162819 seconds 
  Import took 0.168213 seconds .

========================================================================
Received Import Request.
  Time since last request: 1.432436 seconds.
  path: Assets/Prefabs/Collectable.prefab
  artifactKey: Guid(7b0ff6dccae9d4c309a327ca4b64e940) Importer(815301076,1909f56bfc062723c751e8b465ee728b)
Start importing Assets/Prefabs/Collectable.prefab using Guid(7b0ff6dccae9d4c309a327ca4b64e940) Importer(815301076,1909f56bfc062723c751e8b465ee728b)  -> (artifact id: '67b623c963fe14ed6604b1d00c1e24c4') in 0.029540 seconds 
  Import took 0.034898 seconds .

========================================================================
Received Prepare
Registering precompiled user dll's ...
Registered in 0.002263 seconds.
Begin MonoManager ReloadAssembly
Native extension for OSXStandalone target not found
Native extension for WebGL target not found
Refreshing native plugins compatible for Editor in 0.57 ms, found 2 plugins.
Preloading 0 native plugins for Editor in 0.00 ms.
Mono: successfully reloaded assembly
- Completed reload, in  1.516 seconds
Platform modules already initialized, skipping
Shader 'Universal Render Pipeline/Particles/Lit': fallback shader 'Universal Render Pipeline/Particles/SimpleLit' not found
Shader 'Universal Render Pipeline/Particles/Lit': fallback shader 'Universal Render Pipeline/Particles/SimpleLit' not found
Refreshing native plugins compatible for Editor in 0.55 ms, found 2 plugins.
Preloading 0 native plugins for Editor in 0.00 ms.
Unloading 3150 Unused Serialized files (Serialized files now loaded: 0)
System memory in use before: 252.5 MB.
System memory in use after: 250.3 MB.

Unloading 47 unused Assets to reduce memory usage. Loaded Objects now: 3864.
Total: 4.498572 ms (FindLiveObjects: 0.322273 ms CreateObjectMapping: 0.187418 ms MarkObjects: 2.608843 ms  DeleteObjects: 1.379301 ms)

AssetImportParameters requested are different than current active one (requested -> active):
  custom:video-decoder-ogg-theora: a1e56fd34408186e4bbccfd4996cb3dc -> 
  custom:container-muxer-webm: aa71ff27fc2769a1b78a27578f13a17b -> 
  custom:container-demuxer-webm: 4f35f7cbe854078d1ac9338744f61a02 -> 
  custom:container-demuxer-ogg: 62fdf1f143b41e24485cea50d1cbac27 -> 
  custom:video-encoder-webm-vp8: eb34c28f22e8b96e1ab97ce403110664 -> 
  custom:framework-osx-AVFoundation: b23960f63f64bdc6ff669e2cdcee2391 -> 
  custom:video-decoder-webm-vp8: 9c59270c3fd7afecdb556c50c9e8de78 -> 
  custom:audio-decoder-ogg-vorbis: bf7c407c2cedff20999df2af8eb42d56 -> 
  custom:audio-encoder-webm-vorbis: bf7c407c2cedff20999df2af8eb42d56 -> 
========================================================================
Received Import Request.
  Time since last request: 11.663990 seconds.
  path: Assets/Prefabs/Collectable.prefab
  artifactKey: Guid(7b0ff6dccae9d4c309a327ca4b64e940) Importer(815301076,1909f56bfc062723c751e8b465ee728b)
Start importing Assets/Prefabs/Collectable.prefab using Guid(7b0ff6dccae9d4c309a327ca4b64e940) Importer(815301076,1909f56bfc062723c751e8b465ee728b)  -> (artifact id: '336a1ca60752d84460993e7ba32686a6') in 0.163967 seconds 
  Import took 0.169196 seconds .

========================================================================
Received Import Request.
  Time since last request: 0.197479 seconds.
  path: Assets/Prefabs/Collectable.prefab
  artifactKey: Guid(7b0ff6dccae9d4c309a327ca4b64e940) Importer(815301076,1909f56bfc062723c751e8b465ee728b)
Start importing Assets/Prefabs/Collectable.prefab using Guid(7b0ff6dccae9d4c309a327ca4b64e940) Importer(815301076,1909f56bfc062723c751e8b465ee728b)  -> (artifact id: '336a1ca60752d84460993e7ba32686a6') in 0.016074 seconds 
  Import took 0.020855 seconds .

========================================================================
Received Import Request.
  Time since last request: 3.962038 seconds.
  path: Assets/Prefabs/Collectable.prefab
  artifactKey: Guid(7b0ff6dccae9d4c309a327ca4b64e940) Importer(815301076,1909f56bfc062723c751e8b465ee728b)
Start importing Assets/Prefabs/Collectable.prefab using Guid(7b0ff6dccae9d4c309a327ca4b64e940) Importer(815301076,1909f56bfc062723c751e8b465ee728b)  -> (artifact id: 'b823f530e3146dede549112dee3d64a8') in 0.016089 seconds 
  Import took 0.022591 seconds .

========================================================================
Received Import Request.
  Time since last request: 1.187590 seconds.
  path: Assets/Prefabs/Collectable.prefab
  artifactKey: Guid(7b0ff6dccae9d4c309a327ca4b64e940) Importer(815301076,1909f56bfc062723c751e8b465ee728b)
Start importing Assets/Prefabs/Collectable.prefab using Guid(7b0ff6dccae9d4c309a327ca4b64e940) Importer(815301076,1909f56bfc062723c751e8b465ee728b)  -> (artifact id: '7e7188c1fff31dc592655345723bb6a6') in 0.017794 seconds 
  Import took 0.023893 seconds .

========================================================================
Received Import Request.
  Time since last request: 3.284503 seconds.
  path: Assets/Prefabs/Collectable.prefab
  artifactKey: Guid(7b0ff6dccae9d4c309a327ca4b64e940) Importer(815301076,1909f56bfc062723c751e8b465ee728b)
Start importing Assets/Prefabs/Collectable.prefab using Guid(7b0ff6dccae9d4c309a327ca4b64e940) Importer(815301076,1909f56bfc062723c751e8b465ee728b)  -> (artifact id: '411d92ff7d7e6e3fa48864c2a48b98d3') in 0.012093 seconds 
  Import took 0.018906 seconds .

========================================================================
Received Prepare
Registering precompiled user dll's ...
Registered in 0.002316 seconds.
Begin MonoManager ReloadAssembly
Native extension for OSXStandalone target not found
Native extension for WebGL target not found
Refreshing native plugins compatible for Editor in 0.50 ms, found 2 plugins.
Preloading 0 native plugins for Editor in 0.00 ms.
Mono: successfully reloaded assembly
- Completed reload, in  1.508 seconds
Platform modules already initialized, skipping
Shader 'Universal Render Pipeline/Particles/Lit': fallback shader 'Universal Render Pipeline/Particles/SimpleLit' not found
Shader 'Universal Render Pipeline/Particles/Lit': fallback shader 'Universal Render Pipeline/Particles/SimpleLit' not found
Refreshing native plugins compatible for Editor in 0.50 ms, found 2 plugins.
Preloading 0 native plugins for Editor in 0.00 ms.
Unloading 3150 Unused Serialized files (Serialized files now loaded: 0)
System memory in use before: 253.0 MB.
System memory in use after: 250.8 MB.

Unloading 47 unused Assets to reduce memory usage. Loaded Objects now: 3903.
Total: 4.405735 ms (FindLiveObjects: 0.518881 ms CreateObjectMapping: 0.154740 ms MarkObjects: 2.288403 ms  DeleteObjects: 1.443003 ms)

AssetImportParameters requested are different than current active one (requested -> active):
  custom:video-decoder-ogg-theora: a1e56fd34408186e4bbccfd4996cb3dc -> 
  custom:container-muxer-webm: aa71ff27fc2769a1b78a27578f13a17b -> 
  custom:container-demuxer-webm: 4f35f7cbe854078d1ac9338744f61a02 -> 
  custom:container-demuxer-ogg: 62fdf1f143b41e24485cea50d1cbac27 -> 
  custom:video-encoder-webm-vp8: eb34c28f22e8b96e1ab97ce403110664 -> 
  custom:framework-osx-AVFoundation: b23960f63f64bdc6ff669e2cdcee2391 -> 
  custom:video-decoder-webm-vp8: 9c59270c3fd7afecdb556c50c9e8de78 -> 
  custom:audio-decoder-ogg-vorbis: bf7c407c2cedff20999df2af8eb42d56 -> 
  custom:audio-encoder-webm-vorbis: bf7c407c2cedff20999df2af8eb42d56 -> 
========================================================================
Received Import Request.
  Time since last request: 35.488802 seconds.
  path: Assets/Prefabs/Collectable.prefab
  artifactKey: Guid(7b0ff6dccae9d4c309a327ca4b64e940) Importer(815301076,1909f56bfc062723c751e8b465ee728b)
Start importing Assets/Prefabs/Collectable.prefab using Guid(7b0ff6dccae9d4c309a327ca4b64e940) Importer(815301076,1909f56bfc062723c751e8b465ee728b)  -> (artifact id: '08d047eef26eb675fb164c87ff608194') in 0.265268 seconds 
  Import took 0.272128 seconds .

========================================================================
Received Import Request.
  Time since last request: 0.110411 seconds.
  path: Assets/Prefabs/Collectable.prefab
  artifactKey: Guid(7b0ff6dccae9d4c309a327ca4b64e940) Importer(815301076,1909f56bfc062723c751e8b465ee728b)
Start importing Assets/Prefabs/Collectable.prefab using Guid(7b0ff6dccae9d4c309a327ca4b64e940) Importer(815301076,1909f56bfc062723c751e8b465ee728b)  -> (artifact id: '08d047eef26eb675fb164c87ff608194') in 0.035481 seconds 
  Import took 0.040709 seconds .

========================================================================
Received Import Request.
  Time since last request: 84.373936 seconds.
  path: Assets/Prefabs/Collectable.prefab
  artifactKey: Guid(7b0ff6dccae9d4c309a327ca4b64e940) Importer(815301076,1909f56bfc062723c751e8b465ee728b)
Start importing Assets/Prefabs/Collectable.prefab using Guid(7b0ff6dccae9d4c309a327ca4b64e940) Importer(815301076,1909f56bfc062723c751e8b465ee728b)  -> (artifact id: 'c2424cfe5b80788e8edeffc3ee901e09') in 0.027679 seconds 
  Import took 0.033778 seconds .

========================================================================
Received Import Request.
  Time since last request: 20.977442 seconds.
  path: Assets/Prefabs/Collectable.prefab
  artifactKey: Guid(7b0ff6dccae9d4c309a327ca4b64e940) Importer(815301076,1909f56bfc062723c751e8b465ee728b)
Start importing Assets/Prefabs/Collectable.prefab using Guid(7b0ff6dccae9d4c309a327ca4b64e940) Importer(815301076,1909f56bfc062723c751e8b465ee728b)  -> (artifact id: '32eb9c67a467e3bd8dcbddc3e4b16467') in 0.010652 seconds 
  Import took 0.018567 seconds .

========================================================================
Received Import Request.
  Time since last request: 4.518055 seconds.
  path: Assets/Prefabs/Collectable.prefab
  artifactKey: Guid(7b0ff6dccae9d4c309a327ca4b64e940) Importer(815301076,1909f56bfc062723c751e8b465ee728b)
Start importing Assets/Prefabs/Collectable.prefab using Guid(7b0ff6dccae9d4c309a327ca4b64e940) Importer(815301076,1909f56bfc062723c751e8b465ee728b)  -> (artifact id: 'a04c85b393b403594cfe358b878e75c4') in 0.011620 seconds 
  Import took 0.019019 seconds .

========================================================================
Received Import Request.
  Time since last request: 8.547373 seconds.
  path: Assets/Prefabs/Collectable.prefab
  artifactKey: Guid(7b0ff6dccae9d4c309a327ca4b64e940) Importer(815301076,1909f56bfc062723c751e8b465ee728b)
Start importing Assets/Prefabs/Collectable.prefab using Guid(7b0ff6dccae9d4c309a327ca4b64e940) Importer(815301076,1909f56bfc062723c751e8b465ee728b)  -> (artifact id: '02c85f8aa9e9eaba92212d1c78b942ee') in 0.013371 seconds 
  Import took 0.021088 seconds .

========================================================================
Received Import Request.
  Time since last request: 1.789063 seconds.
  path: Assets/Prefabs/Collectable.prefab
  artifactKey: Guid(7b0ff6dccae9d4c309a327ca4b64e940) Importer(815301076,1909f56bfc062723c751e8b465ee728b)
Start importing Assets/Prefabs/Collectable.prefab using Guid(7b0ff6dccae9d4c309a327ca4b64e940) Importer(815301076,1909f56bfc062723c751e8b465ee728b)  -> (artifact id: '4012ca7ea7756ff5167d8246b952eebe') in 0.013543 seconds 
  Import took 0.020390 seconds .

========================================================================
Received Import Request.
  Time since last request: 5.077960 seconds.
  path: Assets/Prefabs/Collectable.prefab
  artifactKey: Guid(7b0ff6dccae9d4c309a327ca4b64e940) Importer(815301076,1909f56bfc062723c751e8b465ee728b)
Start importing Assets/Prefabs/Collectable.prefab using Guid(7b0ff6dccae9d4c309a327ca4b64e940) Importer(815301076,1909f56bfc062723c751e8b465ee728b)  -> (artifact id: '896022f3c5b6a1c0edfad71573c74935') in 0.012967 seconds 
  Import took 0.018687 seconds .

========================================================================
Received Import Request.
  Time since last request: 32.422294 seconds.
  path: Assets/Prefabs/Collectable.prefab
  artifactKey: Guid(7b0ff6dccae9d4c309a327ca4b64e940) Importer(815301076,1909f56bfc062723c751e8b465ee728b)
Start importing Assets/Prefabs/Collectable.prefab using Guid(7b0ff6dccae9d4c309a327ca4b64e940) Importer(815301076,1909f56bfc062723c751e8b465ee728b)  -> (artifact id: 'ca67545572cac96f41c4355307cdd798') in 0.016887 seconds 
  Import took 0.023217 seconds .

========================================================================
Received Import Request.
  Time since last request: 80.645865 seconds.
  path: Assets/Prefabs/Collectable.prefab
  artifactKey: Guid(7b0ff6dccae9d4c309a327ca4b64e940) Importer(815301076,1909f56bfc062723c751e8b465ee728b)
Start importing Assets/Prefabs/Collectable.prefab using Guid(7b0ff6dccae9d4c309a327ca4b64e940) Importer(815301076,1909f56bfc062723c751e8b465ee728b)  -> (artifact id: '116f71ea9d1415272d93fb4eef0b0868') in 0.041061 seconds 
  Import took 0.046873 seconds .

========================================================================
Received Import Request.
  Time since last request: 11.861077 seconds.
  path: Assets/Prefabs/Collectable.prefab
  artifactKey: Guid(7b0ff6dccae9d4c309a327ca4b64e940) Importer(815301076,1909f56bfc062723c751e8b465ee728b)
Start importing Assets/Prefabs/Collectable.prefab using Guid(7b0ff6dccae9d4c309a327ca4b64e940) Importer(815301076,1909f56bfc062723c751e8b465ee728b)  -> (artifact id: '4b61ac30e1061f6b842669bd08f86b2c') in 0.012297 seconds 
  Import took 0.017903 seconds .

========================================================================
Received Import Request.
  Time since last request: 4.082697 seconds.
  path: Assets/Prefabs/Collectable.prefab
  artifactKey: Guid(7b0ff6dccae9d4c309a327ca4b64e940) Importer(815301076,1909f56bfc062723c751e8b465ee728b)
Start importing Assets/Prefabs/Collectable.prefab using Guid(7b0ff6dccae9d4c309a327ca4b64e940) Importer(815301076,1909f56bfc062723c751e8b465ee728b)  -> (artifact id: 'a44b3ab0a5f9a87b36a8603307a6f2aa') in 0.011825 seconds 
  Import took 0.017323 seconds .

========================================================================
Received Import Request.
  Time since last request: 11.757136 seconds.
  path: Assets/Prefabs/Collectable.prefab
  artifactKey: Guid(7b0ff6dccae9d4c309a327ca4b64e940) Importer(815301076,1909f56bfc062723c751e8b465ee728b)
Start importing Assets/Prefabs/Collectable.prefab using Guid(7b0ff6dccae9d4c309a327ca4b64e940) Importer(815301076,1909f56bfc062723c751e8b465ee728b)  -> (artifact id: '691479642223f8152e7470af0896a2a9') in 0.010838 seconds 
  Import took 0.017024 seconds .

========================================================================
Received Import Request.
  Time since last request: 104.535028 seconds.
  path: Assets/ExampleAssets/Models/Workbench.fbx
  artifactKey: Guid(efe9381559c516743bd05cef82f39ebb) Importer(815301076,1909f56bfc062723c751e8b465ee728b)
Start importing Assets/ExampleAssets/Models/Workbench.fbx using Guid(efe9381559c516743bd05cef82f39ebb) Importer(815301076,1909f56bfc062723c751e8b465ee728b)  -> (artifact id: '9763579b58169ef327fd8d483de42484') in 0.514033 seconds 
  Import took 0.518879 seconds .

========================================================================
Received Import Request.
  Time since last request: 0.000274 seconds.
  path: Assets/ExampleAssets/Models/Workbench_Low.fbx
  artifactKey: Guid(ff6dc36862fe41641bb21568d92147c9) Importer(815301076,1909f56bfc062723c751e8b465ee728b)
Start importing Assets/ExampleAssets/Models/Workbench_Low.fbx using Guid(ff6dc36862fe41641bb21568d92147c9) Importer(815301076,1909f56bfc062723c751e8b465ee728b)  -> (artifact id: '5f99d08570cdde3afaf55ae1a8262d9b') in 0.164428 seconds 
  Import took 0.170566 seconds .

========================================================================
Received Import Request.
  Time since last request: 0.000210 seconds.
  path: Assets/ExampleAssets/Models/Workbench.fbx
  artifactKey: Guid(efe9381559c516743bd05cef82f39ebb) Importer(815301076,1909f56bfc062723c751e8b465ee728b)
Start importing Assets/ExampleAssets/Models/Workbench.fbx using Guid(efe9381559c516743bd05cef82f39ebb) Importer(815301076,1909f56bfc062723c751e8b465ee728b)  -> (artifact id: '9763579b58169ef327fd8d483de42484') in 0.120431 seconds 
  Import took 0.125953 seconds .

========================================================================
Received Import Request.
  Time since last request: 5.646171 seconds.
  path: Assets/ExampleAssets/Models/Workshop_Set.fbx
  artifactKey: Guid(47616bd0cda748d4cbedcfc908506b9d) Importer(815301076,1909f56bfc062723c751e8b465ee728b)
Start importing Assets/ExampleAssets/Models/Workshop_Set.fbx using Guid(47616bd0cda748d4cbedcfc908506b9d) Importer(815301076,1909f56bfc062723c751e8b465ee728b)  -> (artifact id: 'e07793a4d2b03e0e09167bfceb24a94b') in 0.143575 seconds 
  Import took 0.148870 seconds .

========================================================================
Received Import Request.
  Time since last request: 0.000273 seconds.
  path: Assets/ExampleAssets/Models/Stud.fbx
  artifactKey: Guid(34624edaccd9d704a95ed404d919b492) Importer(815301076,1909f56bfc062723c751e8b465ee728b)
Start importing Assets/ExampleAssets/Models/Stud.fbx using Guid(34624edaccd9d704a95ed404d919b492) Importer(815301076,1909f56bfc062723c751e8b465ee728b)  -> (artifact id: 'fb17f227481600cbf7b05869a1581d00') in 0.045140 seconds 
  Import took 0.050937 seconds .

========================================================================
Received Import Request.
  Time since last request: 1.307111 seconds.
  path: Assets/ExampleAssets/Models/safetygoggles_low.fbx
  artifactKey: Guid(6296e48663fd7ad46b1a2af507f871cf) Importer(815301076,1909f56bfc062723c751e8b465ee728b)
Start importing Assets/ExampleAssets/Models/safetygoggles_low.fbx using Guid(6296e48663fd7ad46b1a2af507f871cf) Importer(815301076,1909f56bfc062723c751e8b465ee728b)  -> (artifact id: '4ae8946a3f99a923f7803907a8c27ead') in 0.739953 seconds 
  Import took 0.745523 seconds .

========================================================================
Received Import Request.
  Time since last request: 0.000241 seconds.
  path: Assets/ExampleAssets/Models/jigsaw_low.fbx
  artifactKey: Guid(8b73e8872ca76104bbca4ee2b704a1b4) Importer(815301076,1909f56bfc062723c751e8b465ee728b)
Start importing Assets/ExampleAssets/Models/jigsaw_low.fbx using Guid(8b73e8872ca76104bbca4ee2b704a1b4) Importer(815301076,1909f56bfc062723c751e8b465ee728b)  -> (artifact id: '87b286f23ab1406b66ffa7fd117ec63a') in 0.087724 seconds 
  Import took 0.092226 seconds .

========================================================================
Received Import Request.
  Time since last request: 0.000235 seconds.
  path: Assets/ExampleAssets/Models/safetyhat_low.fbx
  artifactKey: Guid(9d0d902f71acfe646a46cb625f815a49) Importer(815301076,1909f56bfc062723c751e8b465ee728b)
Start importing Assets/ExampleAssets/Models/safetyhat_low.fbx using Guid(9d0d902f71acfe646a46cb625f815a49) Importer(815301076,1909f56bfc062723c751e8b465ee728b)  -> (artifact id: '5935c6193b6a59e066fce2003b46692c') in 0.047315 seconds 
  Import took 0.051639 seconds .

========================================================================
Received Import Request.
  Time since last request: 0.000274 seconds.
  path: Assets/ExampleAssets/Models/small_plane.fbx
  artifactKey: Guid(aeaee610429f51f44981e141eb2a3545) Importer(815301076,1909f56bfc062723c751e8b465ee728b)
Start importing Assets/ExampleAssets/Models/small_plane.fbx using Guid(aeaee610429f51f44981e141eb2a3545) Importer(815301076,1909f56bfc062723c751e8b465ee728b)  -> (artifact id: 'f21ffefb080f2bc5460e0e031b036c2e') in 0.021914 seconds 
  Import took 0.027417 seconds .

========================================================================
Received Import Request.
  Time since last request: 0.983169 seconds.
  path: Assets/ExampleAssets/Models/paintbucket_low.fbx
  artifactKey: Guid(b451a052397f03c4f8a04d915d1c0492) Importer(815301076,1909f56bfc062723c751e8b465ee728b)
Start importing Assets/ExampleAssets/Models/paintbucket_low.fbx using Guid(b451a052397f03c4f8a04d915d1c0492) Importer(815301076,1909f56bfc062723c751e8b465ee728b)  -> (artifact id: '3fb120b6ed1c9690f3c18633a9ae2dd0') in 0.063715 seconds 
  Import took 0.069594 seconds .

========================================================================
Received Import Request.
  Time since last request: 0.577557 seconds.
  path: Assets/ExampleAssets/Models/ConstructionLight_Low.fbx
  artifactKey: Guid(e3ae06a3979f53046aa05330d69de1fa) Importer(815301076,1909f56bfc062723c751e8b465ee728b)
Start importing Assets/ExampleAssets/Models/ConstructionLight_Low.fbx using Guid(e3ae06a3979f53046aa05330d69de1fa) Importer(815301076,1909f56bfc062723c751e8b465ee728b)  -> (artifact id: '89b2f32173df055a9d31b242b3d5989c') in 0.083022 seconds 
  Import took 0.088510 seconds .

========================================================================
Received Import Request.
  Time since last request: 0.000272 seconds.
  path: Assets/ExampleAssets/Models/magneticlevel_low.fbx
  artifactKey: Guid(bae110eee250e4b418b188f4ae4e3170) Importer(815301076,1909f56bfc062723c751e8b465ee728b)
Start importing Assets/ExampleAssets/Models/magneticlevel_low.fbx using Guid(bae110eee250e4b418b188f4ae4e3170) Importer(815301076,1909f56bfc062723c751e8b465ee728b)  -> (artifact id: 'b7daa638a4f61892d85b4e50fee1e849') in 0.057212 seconds 
  Import took 0.061705 seconds .

========================================================================
Received Import Request.
  Time since last request: 0.733670 seconds.
  path: Assets/ExampleAssets/Models/hammer_low.fbx
  artifactKey: Guid(68a66fb5a71f8204a8dcb613c97d1fa8) Importer(815301076,1909f56bfc062723c751e8b465ee728b)
Start importing Assets/ExampleAssets/Models/hammer_low.fbx using Guid(68a66fb5a71f8204a8dcb613c97d1fa8) Importer(815301076,1909f56bfc062723c751e8b465ee728b)  -> (artifact id: 'a0098d2334523c92cc3d702ca4ee63b2') in 0.050788 seconds 
  Import took 0.056744 seconds .

========================================================================
Received Import Request.
  Time since last request: 0.000427 seconds.
  path: Assets/ExampleAssets/Models/hammer_low.fbx
  artifactKey: Guid(68a66fb5a71f8204a8dcb613c97d1fa8) Importer(815301076,1909f56bfc062723c751e8b465ee728b)
Start importing Assets/ExampleAssets/Models/hammer_low.fbx using Guid(68a66fb5a71f8204a8dcb613c97d1fa8) Importer(815301076,1909f56bfc062723c751e8b465ee728b)  -> (artifact id: 'a0098d2334523c92cc3d702ca4ee63b2') in 0.018382 seconds 
  Import took 0.025127 seconds .

========================================================================
Received Import Request.
  Time since last request: 0.524774 seconds.
  path: Assets/ExampleAssets/Models/brush_low.fbx
  artifactKey: Guid(aed8c47425ab91f4eb06ce6fe47c3e4e) Importer(815301076,1909f56bfc062723c751e8b465ee728b)
Start importing Assets/ExampleAssets/Models/brush_low.fbx using Guid(aed8c47425ab91f4eb06ce6fe47c3e4e) Importer(815301076,1909f56bfc062723c751e8b465ee728b)  -> (artifact id: '3e9112836ff5ae65005d884998ee7751') in 0.049937 seconds 
  Import took 0.055936 seconds .

========================================================================
Received Import Request.
  Time since last request: 373.871213 seconds.
  path: Assets/Prefabs/Collectable.prefab
  artifactKey: Guid(7b0ff6dccae9d4c309a327ca4b64e940) Importer(815301076,1909f56bfc062723c751e8b465ee728b)
Start importing Assets/Prefabs/Collectable.prefab using Guid(7b0ff6dccae9d4c309a327ca4b64e940) Importer(815301076,1909f56bfc062723c751e8b465ee728b)  -> (artifact id: 'e2709f978b38ff4787fd39f1c90406ba') in 0.015560 seconds 
  Import took 0.020011 seconds .

========================================================================
Received Prepare
Registering precompiled user dll's ...
Registered in 0.053160 seconds.
Begin MonoManager ReloadAssembly
Native extension for OSXStandalone target not found
Native extension for WebGL target not found
Refreshing native plugins compatible for Editor in 0.70 ms, found 2 plugins.
Preloading 0 native plugins for Editor in 0.00 ms.
Mono: successfully reloaded assembly
- Completed reload, in  1.579 seconds
Platform modules already initialized, skipping
Shader 'Universal Render Pipeline/Particles/Lit': fallback shader 'Universal Render Pipeline/Particles/SimpleLit' not found
Shader 'Universal Render Pipeline/Particles/Lit': fallback shader 'Universal Render Pipeline/Particles/SimpleLit' not found
Refreshing native plugins compatible for Editor in 0.81 ms, found 2 plugins.
Preloading 0 native plugins for Editor in 0.00 ms.
Unloading 3150 Unused Serialized files (Serialized files now loaded: 0)
System memory in use before: 260.1 MB.
System memory in use after: 258.0 MB.

Unloading 47 unused Assets to reduce memory usage. Loaded Objects now: 3942.
Total: 4.812237 ms (FindLiveObjects: 0.463281 ms CreateObjectMapping: 0.140139 ms MarkObjects: 2.204802 ms  DeleteObjects: 2.003196 ms)

AssetImportParameters requested are different than current active one (requested -> active):
  custom:video-decoder-ogg-theora: a1e56fd34408186e4bbccfd4996cb3dc -> 
  custom:container-muxer-webm: aa71ff27fc2769a1b78a27578f13a17b -> 
  custom:container-demuxer-webm: 4f35f7cbe854078d1ac9338744f61a02 -> 
  custom:container-demuxer-ogg: 62fdf1f143b41e24485cea50d1cbac27 -> 
  custom:video-encoder-webm-vp8: eb34c28f22e8b96e1ab97ce403110664 -> 
  custom:framework-osx-AVFoundation: b23960f63f64bdc6ff669e2cdcee2391 -> 
  custom:video-decoder-webm-vp8: 9c59270c3fd7afecdb556c50c9e8de78 -> 
  custom:audio-decoder-ogg-vorbis: bf7c407c2cedff20999df2af8eb42d56 -> 
  custom:audio-encoder-webm-vorbis: bf7c407c2cedff20999df2af8eb42d56 -> 
========================================================================
Received Prepare
Registering precompiled user dll's ...
Registered in 0.003385 seconds.
Begin MonoManager ReloadAssembly
Native extension for OSXStandalone target not found
Native extension for WebGL target not found
Refreshing native plugins compatible for Editor in 1.08 ms, found 2 plugins.
Preloading 0 native plugins for Editor in 0.00 ms.
Mono: successfully reloaded assembly
- Completed reload, in  1.831 seconds
Platform modules already initialized, skipping
Shader 'Universal Render Pipeline/Particles/Lit': fallback shader 'Universal Render Pipeline/Particles/SimpleLit' not found
Shader 'Universal Render Pipeline/Particles/Lit': fallback shader 'Universal Render Pipeline/Particles/SimpleLit' not found
Refreshing native plugins compatible for Editor in 0.68 ms, found 2 plugins.
Preloading 0 native plugins for Editor in 0.00 ms.
Unloading 3150 Unused Serialized files (Serialized files now loaded: 0)
System memory in use before: 260.4 MB.
System memory in use after: 258.2 MB.

Unloading 47 unused Assets to reduce memory usage. Loaded Objects now: 3945.
Total: 6.852832 ms (FindLiveObjects: 0.634074 ms CreateObjectMapping: 0.245012 ms MarkObjects: 3.597416 ms  DeleteObjects: 2.375348 ms)

AssetImportParameters requested are different than current active one (requested -> active):
  custom:video-decoder-ogg-theora: a1e56fd34408186e4bbccfd4996cb3dc -> 
  custom:container-muxer-webm: aa71ff27fc2769a1b78a27578f13a17b -> 
  custom:container-demuxer-webm: 4f35f7cbe854078d1ac9338744f61a02 -> 
  custom:container-demuxer-ogg: 62fdf1f143b41e24485cea50d1cbac27 -> 
  custom:video-encoder-webm-vp8: eb34c28f22e8b96e1ab97ce403110664 -> 
  custom:framework-osx-AVFoundation: b23960f63f64bdc6ff669e2cdcee2391 -> 
  custom:video-decoder-webm-vp8: 9c59270c3fd7afecdb556c50c9e8de78 -> 
  custom:audio-decoder-ogg-vorbis: bf7c407c2cedff20999df2af8eb42d56 -> 
  custom:audio-encoder-webm-vorbis: bf7c407c2cedff20999df2af8eb42d56 -> 
========================================================================
Received Import Request.
  Time since last request: 179.109079 seconds.
  path: Assets/Prefabs/Collectable.prefab
  artifactKey: Guid(7b0ff6dccae9d4c309a327ca4b64e940) Importer(815301076,1909f56bfc062723c751e8b465ee728b)
Start importing Assets/Prefabs/Collectable.prefab using Guid(7b0ff6dccae9d4c309a327ca4b64e940) Importer(815301076,1909f56bfc062723c751e8b465ee728b)  -> (artifact id: '4f7c45ce5a0995be5a2ea6b2f06d2d3e') in 0.230265 seconds 
  Import took 0.237272 seconds .

========================================================================
Received Import Request.
  Time since last request: 2.007461 seconds.
  path: Assets/Prefabs/Collectable.prefab
  artifactKey: Guid(7b0ff6dccae9d4c309a327ca4b64e940) Importer(815301076,1909f56bfc062723c751e8b465ee728b)
Start importing Assets/Prefabs/Collectable.prefab using Guid(7b0ff6dccae9d4c309a327ca4b64e940) Importer(815301076,1909f56bfc062723c751e8b465ee728b)  -> (artifact id: 'c8a6fa1a892472260a7c68d52d639288') in 0.014969 seconds 
  Import took 0.021912 seconds .

========================================================================
Received Import Request.
  Time since last request: 4.239727 seconds.
  path: Assets/Prefabs/Collectable.prefab
  artifactKey: Guid(7b0ff6dccae9d4c309a327ca4b64e940) Importer(815301076,1909f56bfc062723c751e8b465ee728b)
Start importing Assets/Prefabs/Collectable.prefab using Guid(7b0ff6dccae9d4c309a327ca4b64e940) Importer(815301076,1909f56bfc062723c751e8b465ee728b)  -> (artifact id: '62fd4cf57c37ab3db0ef6dc2752a4b77') in 0.013805 seconds 
  Import took 0.019209 seconds .

========================================================================
Received Import Request.
  Time since last request: 2.197601 seconds.
  path: Assets/Prefabs/Collectable.prefab
  artifactKey: Guid(7b0ff6dccae9d4c309a327ca4b64e940) Importer(815301076,1909f56bfc062723c751e8b465ee728b)
Start importing Assets/Prefabs/Collectable.prefab using Guid(7b0ff6dccae9d4c309a327ca4b64e940) Importer(815301076,1909f56bfc062723c751e8b465ee728b)  -> (artifact id: '6f70e673e779fcb745b354681e4fcd10') in 0.009384 seconds 
  Import took 0.017245 seconds .

========================================================================
Received Import Request.
  Time since last request: 1863.224214 seconds.
  path: Packages/com.unity.render-pipelines.universal/Runtime/Materials/ParticlesUnlit.mat
  artifactKey: Guid(e823cd5b5d27c0f4b8256e7c12ee3e6d) Importer(815301076,1909f56bfc062723c751e8b465ee728b)
Start importing Packages/com.unity.render-pipelines.universal/Runtime/Materials/ParticlesUnlit.mat using Guid(e823cd5b5d27c0f4b8256e7c12ee3e6d) Importer(815301076,1909f56bfc062723c751e8b465ee728b)  -> (artifact id: 'a6d3bac30e0c3da08768836858914317') in 0.554180 seconds 
  Import took 0.560370 seconds .

========================================================================
Received Import Request.
  Time since last request: 0.002713 seconds.
  path: Packages/com.unity.render-pipelines.universal/Runtime/Materials/ParticlesUnlit.mat
  artifactKey: Guid(e823cd5b5d27c0f4b8256e7c12ee3e6d) Importer(815301076,1909f56bfc062723c751e8b465ee728b)
Start importing Packages/com.unity.render-pipelines.universal/Runtime/Materials/ParticlesUnlit.mat using Guid(e823cd5b5d27c0f4b8256e7c12ee3e6d) Importer(815301076,1909f56bfc062723c751e8b465ee728b)  -> (artifact id: 'a6d3bac30e0c3da08768836858914317') in 0.016107 seconds 
  Import took 0.023599 seconds .

========================================================================
Received Prepare
Registering precompiled user dll's ...
Registered in 0.126709 seconds.
Begin MonoManager ReloadAssembly
Native extension for OSXStandalone target not found
Native extension for WebGL target not found
Refreshing native plugins compatible for Editor in 0.50 ms, found 2 plugins.
Preloading 0 native plugins for Editor in 0.00 ms.
Mono: successfully reloaded assembly
- Completed reload, in  1.736 seconds
Platform modules already initialized, skipping
Shader 'Universal Render Pipeline/Particles/Lit': fallback shader 'Universal Render Pipeline/Particles/SimpleLit' not found
Shader 'Universal Render Pipeline/Particles/Lit': fallback shader 'Universal Render Pipeline/Particles/SimpleLit' not found
Refreshing native plugins compatible for Editor in 0.55 ms, found 2 plugins.
Preloading 0 native plugins for Editor in 0.00 ms.
Unloading 3150 Unused Serialized files (Serialized files now loaded: 0)
System memory in use before: 265.2 MB.
System memory in use after: 263.0 MB.

Unloading 47 unused Assets to reduce memory usage. Loaded Objects now: 3985.
Total: 4.764320 ms (FindLiveObjects: 0.703229 ms CreateObjectMapping: 0.201937 ms MarkObjects: 2.490267 ms  DeleteObjects: 1.367912 ms)

AssetImportParameters requested are different than current active one (requested -> active):
  custom:video-decoder-ogg-theora: a1e56fd34408186e4bbccfd4996cb3dc -> 
  custom:container-muxer-webm: aa71ff27fc2769a1b78a27578f13a17b -> 
  custom:container-demuxer-webm: 4f35f7cbe854078d1ac9338744f61a02 -> 
  custom:container-demuxer-ogg: 62fdf1f143b41e24485cea50d1cbac27 -> 
  custom:video-encoder-webm-vp8: eb34c28f22e8b96e1ab97ce403110664 -> 
  custom:framework-osx-AVFoundation: b23960f63f64bdc6ff669e2cdcee2391 -> 
  custom:video-decoder-webm-vp8: 9c59270c3fd7afecdb556c50c9e8de78 -> 
  custom:audio-decoder-ogg-vorbis: bf7c407c2cedff20999df2af8eb42d56 -> 
  custom:audio-encoder-webm-vorbis: bf7c407c2cedff20999df2af8eb42d56 -> 
========================================================================
Received Prepare
Registering precompiled user dll's ...
Registered in 0.001745 seconds.
Begin MonoManager ReloadAssembly
Native extension for OSXStandalone target not found
Native extension for WebGL target not found
Refreshing native plugins compatible for Editor in 0.75 ms, found 2 plugins.
Preloading 0 native plugins for Editor in 0.00 ms.
Mono: successfully reloaded assembly
- Completed reload, in  1.434 seconds
Platform modules already initialized, skipping
Shader 'Universal Render Pipeline/Particles/Lit': fallback shader 'Universal Render Pipeline/Particles/SimpleLit' not found
Shader 'Universal Render Pipeline/Particles/Lit': fallback shader 'Universal Render Pipeline/Particles/SimpleLit' not found
Refreshing native plugins compatible for Editor in 0.73 ms, found 2 plugins.
Preloading 0 native plugins for Editor in 0.00 ms.
Unloading 3149 Unused Serialized files (Serialized files now loaded: 0)
System memory in use before: 265.3 MB.
System memory in use after: 263.2 MB.

Unloading 46 unused Assets to reduce memory usage. Loaded Objects now: 3988.
Total: 6.037102 ms (FindLiveObjects: 0.544177 ms CreateObjectMapping: 0.270850 ms MarkObjects: 3.805420 ms  DeleteObjects: 1.415643 ms)

AssetImportParameters requested are different than current active one (requested -> active):
  custom:video-decoder-ogg-theora: a1e56fd34408186e4bbccfd4996cb3dc -> 
  custom:container-muxer-webm: aa71ff27fc2769a1b78a27578f13a17b -> 
  custom:container-demuxer-webm: 4f35f7cbe854078d1ac9338744f61a02 -> 
  custom:container-demuxer-ogg: 62fdf1f143b41e24485cea50d1cbac27 -> 
  custom:video-encoder-webm-vp8: eb34c28f22e8b96e1ab97ce403110664 -> 
  custom:framework-osx-AVFoundation: b23960f63f64bdc6ff669e2cdcee2391 -> 
  custom:video-decoder-webm-vp8: 9c59270c3fd7afecdb556c50c9e8de78 -> 
  custom:audio-decoder-ogg-vorbis: bf7c407c2cedff20999df2af8eb42d56 -> 
  custom:audio-encoder-webm-vorbis: bf7c407c2cedff20999df2af8eb42d56 -> 
========================================================================
Received Prepare
Registering precompiled user dll's ...
Registered in 0.036938 seconds.
Begin MonoManager ReloadAssembly
Native extension for OSXStandalone target not found
Native extension for WebGL target not found
Refreshing native plugins compatible for Editor in 1.13 ms, found 2 plugins.
Preloading 0 native plugins for Editor in 0.00 ms.
Mono: successfully reloaded assembly
- Completed reload, in  2.434 seconds
Platform modules already initialized, skipping
Shader 'Universal Render Pipeline/Particles/Lit': fallback shader 'Universal Render Pipeline/Particles/SimpleLit' not found
Shader 'Universal Render Pipeline/Particles/Lit': fallback shader 'Universal Render Pipeline/Particles/SimpleLit' not found
Refreshing native plugins compatible for Editor in 0.72 ms, found 2 plugins.
Preloading 0 native plugins for Editor in 0.00 ms.
Unloading 3149 Unused Serialized files (Serialized files now loaded: 0)
System memory in use before: 265.6 MB.
System memory in use after: 263.4 MB.

Unloading 46 unused Assets to reduce memory usage. Loaded Objects now: 3991.
Total: 5.361149 ms (FindLiveObjects: 0.748684 ms CreateObjectMapping: 0.332210 ms MarkObjects: 2.836075 ms  DeleteObjects: 1.443037 ms)

AssetImportParameters requested are different than current active one (requested -> active):
  custom:video-decoder-ogg-theora: a1e56fd34408186e4bbccfd4996cb3dc -> 
  custom:container-muxer-webm: aa71ff27fc2769a1b78a27578f13a17b -> 
  custom:container-demuxer-webm: 4f35f7cbe854078d1ac9338744f61a02 -> 
  custom:container-demuxer-ogg: 62fdf1f143b41e24485cea50d1cbac27 -> 
  custom:video-encoder-webm-vp8: eb34c28f22e8b96e1ab97ce403110664 -> 
  custom:framework-osx-AVFoundation: b23960f63f64bdc6ff669e2cdcee2391 -> 
  custom:video-decoder-webm-vp8: 9c59270c3fd7afecdb556c50c9e8de78 -> 
  custom:audio-decoder-ogg-vorbis: bf7c407c2cedff20999df2af8eb42d56 -> 
  custom:audio-encoder-webm-vorbis: bf7c407c2cedff20999df2af8eb42d56 -> 
